#
# A fatal error has been detected by the Java Runtime Environment:
#
#  EXCEPTION_ACCESS_VIOLATION (0xc0000005) at pc=0x000007fed31f8d38, pid=6816, tid=6736
#
# JRE version: Java(TM) SE Runtime Environment (16.0.1+9) (build 16.0.1+9-24)
# Java VM: Java HotSpot(TM) 64-Bit Server VM (16.0.1+9-24, mixed mode, sharing, tiered, compressed oops, compressed class ptrs, g1 gc, windows-amd64)
# Problematic frame:
# V  [jvm.dll+0x538d38]
#
# No core dump will be written. Minidumps are not enabled by default on client versions of Windows
#
# If you would like to submit a bug report, please visit:
#   https://bugreport.java.com/bugreport/crash.jsp
#

---------------  S U M M A R Y ------------

Command Line: -XX:TieredStopAtLevel=1 -Xverify:none -XX:TieredStopAtLevel=1 com.hotel.hotel.HotelApplication

Host: Intel(R) Core(TM) i3 CPU       M 370  @ 2.40GHz, 4 cores, 5G,  Windows 7 , 64 bit Build 7601 (6.1.7601.23714)
Time: Mon Aug 23 16:14:07 2021 Hora estándar de Argentina elapsed time: 1220.547068 seconds (0d 0h 20m 20s)

---------------  T H R E A D  ---------------

Current thread (0x0000000023eb18a0):  JavaThread "restartedMain" [_thread_in_vm, id=6736, stack(0x0000000022670000,0x0000000022770000)]

Stack: [0x0000000022670000,0x0000000022770000],  sp=0x000000002276cf90,  free space=1011k
Native frames: (J=compiled Java code, j=interpreted, Vv=VM code, C=native code)
V  [jvm.dll+0x538d38]
V  [jvm.dll+0x5384b7]
V  [jvm.dll+0x36776d]
V  [jvm.dll+0x407ef7]
V  [jvm.dll+0x41c0d6]
C  [java.dll+0x164d]

Java frames: (J=compiled Java code, j=interpreted, Vv=VM code)
J 2088  java.lang.ClassLoader.defineClass0(Ljava/lang/ClassLoader;Ljava/lang/Class;Ljava/lang/String;[BIILjava/security/ProtectionDomain;ZILjava/lang/Object;)Ljava/lang/Class; java.base@16.0.1 (0 bytes) @ 0x000000000a89e839 [0x000000000a89e740+0x00000000000000f9]
J 1467 c1 java.lang.System$2.defineClass(Ljava/lang/ClassLoader;Ljava/lang/Class;Ljava/lang/String;[BLjava/security/ProtectionDomain;ZILjava/lang/Object;)Ljava/lang/Class; java.base@16.0.1 (21 bytes) @ 0x000000000a7b4c2c [0x000000000a7b4bc0+0x000000000000006c]
J 1466 c1 java.lang.invoke.MethodHandles$Lookup$ClassDefiner.defineClass(ZLjava/lang/Object;)Ljava/lang/Class; java.base@16.0.1 (97 bytes) @ 0x000000000a7b459c [0x000000000a7b4280+0x000000000000031c]
j  java.lang.invoke.MethodHandles$Lookup$ClassDefiner.defineClass(Z)Ljava/lang/Class;+3 java.base@16.0.1
j  java.lang.invoke.MethodHandles$Lookup.defineClass([B)Ljava/lang/Class;+36 java.base@16.0.1
j  jdk.internal.reflect.GeneratedMethodAccessor68.invoke(Ljava/lang/Object;[Ljava/lang/Object;)Ljava/lang/Object;+40 java.base@16.0.1
J 2156 c1 jdk.internal.reflect.DelegatingMethodAccessorImpl.invoke(Ljava/lang/Object;[Ljava/lang/Object;)Ljava/lang/Object; java.base@16.0.1 (10 bytes) @ 0x000000000a8c0804 [0x000000000a8c07c0+0x0000000000000044]
J 2174 c1 java.lang.reflect.Method.invoke(Ljava/lang/Object;[Ljava/lang/Object;)Ljava/lang/Object; java.base@16.0.1 (65 bytes) @ 0x000000000a8c52e4 [0x000000000a8c51e0+0x0000000000000104]
j  org.springframework.cglib.core.ReflectUtils.defineClass(Ljava/lang/String;[BLjava/lang/ClassLoader;Ljava/security/ProtectionDomain;Ljava/lang/Class;)Ljava/lang/Class;+69
j  org.springframework.cglib.core.AbstractClassGenerator.generate(Lorg/springframework/cglib/core/AbstractClassGenerator$ClassLoaderData;)Ljava/lang/Class;+184
j  org.springframework.cglib.proxy.Enhancer.generate(Lorg/springframework/cglib/core/AbstractClassGenerator$ClassLoaderData;)Ljava/lang/Class;+53
j  org.springframework.cglib.core.AbstractClassGenerator$ClassLoaderData$3.apply(Lorg/springframework/cglib/core/AbstractClassGenerator;)Ljava/lang/Object;+5
j  org.springframework.cglib.core.AbstractClassGenerator$ClassLoaderData$3.apply(Ljava/lang/Object;)Ljava/lang/Object;+5
j  org.springframework.cglib.core.internal.LoadingCache$2.call()Ljava/lang/Object;+11
j  java.util.concurrent.FutureTask.run()V+39 java.base@16.0.1
j  org.springframework.cglib.core.internal.LoadingCache.createEntry(Ljava/lang/Object;Ljava/lang/Object;Ljava/lang/Object;)Ljava/lang/Object;+58
j  org.springframework.cglib.core.internal.LoadingCache.get(Ljava/lang/Object;)Ljava/lang/Object;+39
j  org.springframework.cglib.core.AbstractClassGenerator$ClassLoaderData.get(Lorg/springframework/cglib/core/AbstractClassGenerator;Z)Ljava/lang/Object;+15
j  org.springframework.cglib.core.AbstractClassGenerator.create(Ljava/lang/Object;)Ljava/lang/Object;+115
j  org.springframework.cglib.proxy.Enhancer.createHelper()Ljava/lang/Object;+86
j  org.springframework.cglib.proxy.Enhancer.createClass()Ljava/lang/Class;+6
j  org.springframework.context.annotation.ConfigurationClassEnhancer.createClass(Lorg/springframework/cglib/proxy/Enhancer;)Ljava/lang/Class;+1
j  org.springframework.context.annotation.ConfigurationClassEnhancer.enhance(Ljava/lang/Class;Ljava/lang/ClassLoader;)Ljava/lang/Class;+53
j  org.springframework.context.annotation.ConfigurationClassPostProcessor.enhanceConfigurationClasses(Lorg/springframework/beans/factory/config/ConfigurableListableBeanFactory;)V+461
j  org.springframework.context.annotation.ConfigurationClassPostProcessor.postProcessBeanFactory(Lorg/springframework/beans/factory/config/ConfigurableListableBeanFactory;)V+88
j  org.springframework.context.support.PostProcessorRegistrationDelegate.invokeBeanFactoryPostProcessors(Ljava/util/Collection;Lorg/springframework/beans/factory/config/ConfigurableListableBeanFactory;)V+61
j  org.springframework.context.support.PostProcessorRegistrationDelegate.invokeBeanFactoryPostProcessors(Lorg/springframework/beans/factory/config/ConfigurableListableBeanFactory;Ljava/util/List;)V+512
j  org.springframework.context.support.AbstractApplicationContext.invokeBeanFactoryPostProcessors(Lorg/springframework/beans/factory/config/ConfigurableListableBeanFactory;)V+5
j  org.springframework.context.support.AbstractApplicationContext.refresh()V+53
j  org.springframework.boot.web.servlet.context.ServletWebServerApplicationContext.refresh()V+1
j  org.springframework.boot.SpringApplication.refresh(Lorg/springframework/context/ConfigurableApplicationContext;)V+1
j  org.springframework.boot.SpringApplication.refreshContext(Lorg/springframework/context/ConfigurableApplicationContext;)V+16
j  org.springframework.boot.SpringApplication.run([Ljava/lang/String;)Lorg/springframework/context/ConfigurableApplicationContext;+111
j  org.springframework.boot.SpringApplication.run([Ljava/lang/Class;[Ljava/lang/String;)Lorg/springframework/context/ConfigurableApplicationContext;+9
j  org.springframework.boot.SpringApplication.run(Ljava/lang/Class;[Ljava/lang/String;)Lorg/springframework/context/ConfigurableApplicationContext;+9
j  com.hotel.hotel.HotelApplication.main([Ljava/lang/String;)V+3
v  ~StubRoutines::call_stub
J 2272  jdk.internal.reflect.NativeMethodAccessorImpl.invoke0(Ljava/lang/reflect/Method;Ljava/lang/Object;[Ljava/lang/Object;)Ljava/lang/Object; java.base@16.0.1 (0 bytes) @ 0x000000000a8ec7cf [0x000000000a8ec740+0x000000000000008f]
J 2271 c1 jdk.internal.reflect.NativeMethodAccessorImpl.invoke(Ljava/lang/Object;[Ljava/lang/Object;)Ljava/lang/Object; java.base@16.0.1 (150 bytes) @ 0x000000000a8f19cc [0x000000000a8f1620+0x00000000000003ac]
J 2156 c1 jdk.internal.reflect.DelegatingMethodAccessorImpl.invoke(Ljava/lang/Object;[Ljava/lang/Object;)Ljava/lang/Object; java.base@16.0.1 (10 bytes) @ 0x000000000a8c0804 [0x000000000a8c07c0+0x0000000000000044]
J 2174 c1 java.lang.reflect.Method.invoke(Ljava/lang/Object;[Ljava/lang/Object;)Ljava/lang/Object; java.base@16.0.1 (65 bytes) @ 0x000000000a8c52e4 [0x000000000a8c51e0+0x0000000000000104]
j  org.springframework.boot.devtools.restart.RestartLauncher.run()V+42
v  ~StubRoutines::call_stub

siginfo: EXCEPTION_ACCESS_VIOLATION (0xc0000005), reading address 0x0000000000000008


Register to memory mapping:

RIP=0x000007fed31f8d38 jvm.dll
RAX=0x000000080134faa8 is pointing into metadata
RBX=0x000000002359d878 points into unknown readable memory: 0x00000000a8100238 | 38 02 10 a8 00 00 00 00
RCX=0x000000080134f8e0 is a pointer to class: 
com.hotel.hotel.web.SecurityConfig$$EnhancerBySpringCGLIB$$fdfe0de1 {0x000000080134f8e8}
RDX=0x0000000023eb18a0 is a thread
RSP=0x000000002276cf90 is pointing into the stack for thread: 0x0000000023eb18a0
RBP=0xffffffffffffffff is an unknown value
RSI=0x00000000a8100238 is an oop: org.springframework.boot.devtools.restart.classloader.RestartClassLoader 
{0x00000000a8100238} - klass: 'org/springframework/boot/devtools/restart/classloader/RestartClassLoader'
RDI=0x0 is NULL
R8 =0x000000001f7e6bd0 points into unknown readable memory: 0x0000000000000002 | 02 00 00 00 00 00 00 00
R9 =0x00000000ffffffff is an unallocated location in the heap
R10=0x000007fed2cc0000 jvm.dll
R11={method} {0x000000002878ebb0} 'CGLIB$setBeanFactory$0' '(Lorg/springframework/beans/factory/BeanFactory;)V' in 'com/hotel/hotel/web/SecurityConfig$$EnhancerBySpringCGLIB$$fdfe0de1'
R12=0x000000002276d290 is pointing into the stack for thread: 0x0000000023eb18a0
R13=0x000000002165cef0 points into unknown readable memory: 0x6f63004385f70007 | 07 00 f7 85 43 00 63 6f
R14=0x0 is NULL
R15=0x0 is NULL


Registers:
RAX=0x000000080134faa8, RBX=0x000000002359d878, RCX=0x000000080134f8e0, RDX=0x0000000023eb18a0
RSP=0x000000002276cf90, RBP=0xffffffffffffffff, RSI=0x00000000a8100238, RDI=0x0000000000000000
R8 =0x000000001f7e6bd0, R9 =0x00000000ffffffff, R10=0x000007fed2cc0000, R11=0x000000002878eba8
R12=0x000000002276d290, R13=0x000000002165cef0, R14=0x0000000000000000, R15=0x0000000000000000
RIP=0x000007fed31f8d38, EFLAGS=0x0000000000010202

Top of Stack: (sp=0x000000002276cf90)
0x000000002276cf90:   000000002276d130 000007fefcb610ac
0x000000002276cfa0:   000000002276d120 0000000023eb18a0
0x000000002276cfb0:   00000000264dd1f0 000000001f7e6c50
0x000000002276cfc0:   0000000000000000 000007fed704f79b
0x000000002276cfd0:   00002f9d0749b730 0000000000000001
0x000000002276cfe0:   00000005a6860000 000000002276d1d8
0x000000002276cff0:   000000080134f8e0 0000000023eb18a0
0x000000002276d000:   00000000217850e0 000000002276d290
0x000000002276d010:   0000000000000000 0000000000000000
0x000000002276d020:   000000080134f8e0 000000080134f8e0
0x000000002276d030:   000000080134d8a0 00000000215aa5a0
0x000000002276d040:   000000002165cef0 ffffffffffffffff
0x000000002276d050:   0000000000000000 00000000000000ac
0x000000002276d060:   0000000000297a90 000007fed2d6e354
0x000000002276d070:   000000001f7e6c50 00000000265f2400
0x000000002276d080:   00000000000003d8 00000000265f2410 

Instructions: (pc=0x000007fed31f8d38)
0x000007fed31f8c38:   48 89 44 24 70 4d 85 ff 75 09 4d 8b 3c 24 4c 89
0x000007fed31f8c48:   7c 24 60 49 8b d6 48 8d 8c 24 70 01 00 00 e8 a5
0x000007fed31f8c58:   97 e0 ff 49 8b 87 98 00 00 00 48 8b 48 08 48 85
0x000007fed31f8c68:   c9 74 61 ff 15 af 03 53 00 48 8b f0 48 85 c0 74
0x000007fed31f8c78:   53 49 8b be 80 02 00 00 48 8b 5f 18 48 83 fb f7
0x000007fed31f8c88:   76 18 4c 8d 05 67 dc 36 00 ba 08 00 00 00 48 8b
0x000007fed31f8c98:   cf e8 52 5c b7 ff 48 8b 5f 18 48 8d 43 08 48 3b
0x000007fed31f8ca8:   47 20 76 17 45 33 c0 48 8b cf 41 8d 50 08 e8 b5
0x000007fed31f8cb8:   58 b7 ff 48 8b d8 48 89 30 eb 0b 48 89 47 18 48
0x000007fed31f8cc8:   89 33 eb 02 33 db 4d 8b 6f 18 45 33 ff 4c 89 ac
0x000007fed31f8cd8:   24 b0 00 00 00 44 39 7c 24 54 0f 8e ad 03 00 00
0x000007fed31f8ce8:   45 33 f6 48 89 ac 24 b8 00 00 00 4c 89 b4 24 88
0x000007fed31f8cf8:   00 00 00 0f 1f 44 00 00 49 8b 0c 24 8b 81 a4 00
0x000007fed31f8d08:   00 00 c1 e8 19 a8 01 74 1b 80 3d aa 2b 5b 00 00
0x000007fed31f8d18:   75 12 48 8b 84 24 a0 00 00 00 4a 8b bc 30 c8 01
0x000007fed31f8d28:   00 00 eb 0c 49 63 44 24 08 48 03 c1 4a 8b 3c 30
0x000007fed31f8d38:   48 8b 4f 08 4c 8b 84 24 a8 00 00 00 48 8b 51 08
0x000007fed31f8d48:   0f b7 41 2a 4c 39 44 c2 48 0f 85 24 03 00 00 0f
0x000007fed31f8d58:   b7 41 2c 48 8b 4c 24 70 48 39 4c c2 48 0f 85 10
0x000007fed31f8d68:   03 00 00 48 8b b4 24 90 00 00 00 8b 86 a4 00 00
0x000007fed31f8d78:   00 c1 e8 09 a8 01 74 10 48 8b cf e8 38 88 20 00
0x000007fed31f8d88:   84 c0 0f 85 eb 02 00 00 48 8b 47 08 48 8b 48 08
0x000007fed31f8d98:   48 8b 69 18 8b 4f 20 8b c1 d1 e8 48 89 ac 24 98
0x000007fed31f8da8:   00 00 00 a8 01 0f 85 c8 02 00 00 80 7c 24 51 00
0x000007fed31f8db8:   0f 85 c5 00 00 00 8b c1 c1 e8 02 a8 01 0f 85 b8
0x000007fed31f8dc8:   00 00 00 f6 c1 01 0f 85 af 00 00 00 48 85 db 75
0x000007fed31f8dd8:   04 33 d2 eb 03 48 8b 13 4d 8b c5 48 8b cd e8 35
0x000007fed31f8de8:   e1 e2 ff 84 c0 0f 85 90 00 00 00 48 8b 86 e0 00
0x000007fed31f8df8:   00 00 66 83 78 30 33 0f 82 76 02 00 00 48 8b fd
0x000007fed31f8e08:   48 85 ed 74 62 0f 1f 00 48 8b 47 78 48 85 c0 74
0x000007fed31f8e18:   56 44 3b 78 10 0f 8d 58 02 00 00 4e 8b 84 30 c8
0x000007fed31f8e28:   01 00 00 41 8b 48 20 8b c1 c1 e8 02 a8 01 75 37 


Stack slot to memory mapping:
stack at sp + 0 slots: 0x000000002276d130 is pointing into the stack for thread: 0x0000000023eb18a0
stack at sp + 1 slots: 0x000007fefcb610ac KERNELBASE.dll
stack at sp + 2 slots: 0x000000002276d120 is pointing into the stack for thread: 0x0000000023eb18a0
stack at sp + 3 slots: 0x0000000023eb18a0 is a thread
stack at sp + 4 slots: 0x00000000264dd1f0 points into unknown readable memory: 0x00000000a686bf60 | 60 bf 86 a6 00 00 00 00
stack at sp + 5 slots: 0x000000001f7e6c50 points into unknown readable memory: 0x0000000000000002 | 02 00 00 00 00 00 00 00
stack at sp + 6 slots: 0x0 is NULL
stack at sp + 7 slots: 0x000007fed704f79b ucrtbase.DLL


---------------  P R O C E S S  ---------------

Threads class SMR info:
_java_thread_list=0x0000000023df64f0, length=15, elements={
0x000000001f7917f0, 0x000000001f7924c0, 0x000000001f7a9310, 0x000000001f7a9ee0,
0x000000001f7ac7f0, 0x000000001f7b0600, 0x000000001f7b0fc0, 0x000000001f7b1910,
0x000000001f8b82d0, 0x000000001f8bac80, 0x0000000023a311b0, 0x0000000023eb0360,
0x00000000266273b0, 0x0000000023eb3880, 0x0000000023eb18a0
}

Java Threads: ( => current thread )
  0x000000001f7917f0 JavaThread "Reference Handler" daemon [_thread_blocked, id=7192, stack(0x000000001fb00000,0x000000001fc00000)]
  0x000000001f7924c0 JavaThread "Finalizer" daemon [_thread_blocked, id=5152, stack(0x0000000020430000,0x0000000020530000)]
  0x000000001f7a9310 JavaThread "Signal Dispatcher" daemon [_thread_blocked, id=4372, stack(0x0000000020540000,0x0000000020640000)]
  0x000000001f7a9ee0 JavaThread "Attach Listener" daemon [_thread_blocked, id=4176, stack(0x0000000020790000,0x0000000020890000)]
  0x000000001f7ac7f0 JavaThread "Service Thread" daemon [_thread_blocked, id=8928, stack(0x00000000208b0000,0x00000000209b0000)]
  0x000000001f7b0600 JavaThread "Monitor Deflation Thread" daemon [_thread_blocked, id=6420, stack(0x0000000020b20000,0x0000000020c20000)]
  0x000000001f7b0fc0 JavaThread "C1 CompilerThread0" daemon [_thread_blocked, id=8940, stack(0x0000000020c40000,0x0000000020d40000)]
  0x000000001f7b1910 JavaThread "Sweeper thread" daemon [_thread_blocked, id=8604, stack(0x0000000020e20000,0x0000000020f20000)]
  0x000000001f8b82d0 JavaThread "Notification Thread" daemon [_thread_blocked, id=8944, stack(0x0000000020680000,0x0000000020780000)]
  0x000000001f8bac80 JavaThread "Common-Cleaner" daemon [_thread_blocked, id=7936, stack(0x0000000020a20000,0x0000000020b20000)]
  0x0000000023a311b0 JavaThread "mysql-cj-abandoned-connection-cleanup" daemon [_thread_blocked, id=3316, stack(0x0000000024cf0000,0x0000000024df0000)]
  0x0000000023eb0360 JavaThread "Live Reload Server" daemon [_thread_in_native, id=1972, stack(0x0000000027560000,0x0000000027660000)]
  0x00000000266273b0 JavaThread "DestroyJavaVM" [_thread_blocked, id=7620, stack(0x0000000002240000,0x0000000002340000)]
  0x0000000023eb3880 JavaThread "Thread-19" [_thread_blocked, id=708, stack(0x0000000022420000,0x0000000022520000)]
=>0x0000000023eb18a0 JavaThread "restartedMain" [_thread_in_vm, id=6736, stack(0x0000000022670000,0x0000000022770000)]

Other Threads:
  0x000000001f78fda0 VMThread "VM Thread" [stack: 0x000000001f910000,0x000000001fa10000] [id=2804]
  0x000000001f8ba7f0 WatcherThread [stack: 0x0000000021000000,0x0000000021100000] [id=2116]
  0x00000000002ef2d0 GCTaskThread "GC Thread#0" [stack: 0x000000001ccc0000,0x000000001cdc0000] [id=7444]
  0x0000000021717f60 GCTaskThread "GC Thread#1" [stack: 0x0000000021dd0000,0x0000000021ed0000] [id=6488]
  0x0000000021718270 GCTaskThread "GC Thread#2" [stack: 0x0000000021fd0000,0x00000000220d0000] [id=6592]
  0x000000002171de30 GCTaskThread "GC Thread#3" [stack: 0x0000000021ed0000,0x0000000021fd0000] [id=4188]
  0x00000000002fe3e0 ConcurrentGCThread "G1 Main Marker" [stack: 0x000000001cdf0000,0x000000001cef0000] [id=4600]
  0x00000000002ff920 ConcurrentGCThread "G1 Conc#0" [stack: 0x000000001d020000,0x000000001d120000] [id=1368]
  0x000000001f374080 ConcurrentGCThread "G1 Refine#0" [stack: 0x000000001f500000,0x000000001f600000] [id=8824]
  0x0000000021718580 ConcurrentGCThread "G1 Refine#1" [stack: 0x00000000221d0000,0x00000000222d0000] [id=7112]
  0x000000001f384910 ConcurrentGCThread "G1 Service" [stack: 0x000000001f600000,0x000000001f700000] [id=4036]

Threads with active compile tasks:

VM state: not at safepoint (normal execution)

VM Mutex/Monitor currently owned by a thread: None

Heap address: 0x00000000a3200000, size: 1486 MB, Compressed Oops mode: 32-bit

CDS archive(s) mapped at: [0x0000000800000000-0x0000000800bb0000-0x0000000800bb0000), size 12255232, SharedBaseAddress: 0x0000000800000000, ArchiveRelocationMode: 0.
Compressed class space mapped at: 0x0000000800c00000-0x0000000840c00000, reserved size: 1073741824
Narrow klass base: 0x0000000800000000, Narrow klass shift: 3, Narrow klass range: 0x100000000

GC Precious Log:
 CPUs: 4 total, 4 available
 Memory: 5940M
 Large Page Support: Disabled
 NUMA Support: Disabled
 Compressed Oops: Enabled (32-bit)
 Heap Region Size: 1M
 Heap Min Capacity: 8M
 Heap Initial Capacity: 94M
 Heap Max Capacity: 1486M
 Pre-touch: Disabled
 Parallel Workers: 4
 Concurrent Workers: 1
 Concurrent Refinement Workers: 4
 Periodic GC: Disabled

Heap:
 garbage-first heap   total 81920K, used 49069K [0x00000000a3200000, 0x0000000100000000)
  region size 1024K, 26 young (26624K), 0 survivors (0K)
 Metaspace       used 50905K, committed 51392K, reserved 1097728K
  class space    used 7110K, committed 7360K, reserved 1048576K

Heap Regions: E=young(eden), S=young(survivor), O=old, HS=humongous(starts), HC=humongous(continues), CS=collection set, F=free, OA=open archive, CA=closed archive, TAMS=top-at-mark-start (previous, next)
|   0|0x00000000a3200000, 0x00000000a3300000, 0x00000000a3300000|100%|HS|  |TAMS 0x00000000a3300000, 0x00000000a3200000| Untracked 
|   1|0x00000000a3300000, 0x00000000a33fffe8, 0x00000000a3400000| 99%| O|  |TAMS 0x00000000a3300000, 0x00000000a3300000| Untracked 
|   2|0x00000000a3400000, 0x00000000a34fffe8, 0x00000000a3500000| 99%| O|  |TAMS 0x00000000a3400000, 0x00000000a3400000| Untracked 
|   3|0x00000000a3500000, 0x00000000a35fffe8, 0x00000000a3600000| 99%| O|  |TAMS 0x00000000a3500000, 0x00000000a3500000| Untracked 
|   4|0x00000000a3600000, 0x00000000a36ffff0, 0x00000000a3700000| 99%| O|  |TAMS 0x00000000a3600000, 0x00000000a3600000| Untracked 
|   5|0x00000000a3700000, 0x00000000a37fffe8, 0x00000000a3800000| 99%| O|  |TAMS 0x00000000a3700000, 0x00000000a3700000| Untracked 
|   6|0x00000000a3800000, 0x00000000a3900000, 0x00000000a3900000|100%| O|  |TAMS 0x00000000a3800000, 0x00000000a3800000| Untracked 
|   7|0x00000000a3900000, 0x00000000a39fffd8, 0x00000000a3a00000| 99%| O|  |TAMS 0x00000000a3900000, 0x00000000a3900000| Untracked 
|   8|0x00000000a3a00000, 0x00000000a3afffb8, 0x00000000a3b00000| 99%| O|  |TAMS 0x00000000a3a00000, 0x00000000a3a00000| Untracked 
|   9|0x00000000a3b00000, 0x00000000a3bfffa0, 0x00000000a3c00000| 99%| O|  |TAMS 0x00000000a3b00000, 0x00000000a3b00000| Untracked 
|  10|0x00000000a3c00000, 0x00000000a3cfffc0, 0x00000000a3d00000| 99%| O|  |TAMS 0x00000000a3c00000, 0x00000000a3c00000| Untracked 
|  11|0x00000000a3d00000, 0x00000000a3dfffe0, 0x00000000a3e00000| 99%| O|  |TAMS 0x00000000a3d00000, 0x00000000a3d00000| Untracked 
|  12|0x00000000a3e00000, 0x00000000a3efff98, 0x00000000a3f00000| 99%| O|  |TAMS 0x00000000a3e00000, 0x00000000a3e00000| Untracked 
|  13|0x00000000a3f00000, 0x00000000a3ffffe8, 0x00000000a4000000| 99%| O|  |TAMS 0x00000000a3f00000, 0x00000000a3f00000| Untracked 
|  14|0x00000000a4000000, 0x00000000a40ffff8, 0x00000000a4100000| 99%| O|  |TAMS 0x00000000a4000000, 0x00000000a4000000| Untracked 
|  15|0x00000000a4100000, 0x00000000a41fffe0, 0x00000000a4200000| 99%| O|  |TAMS 0x00000000a4100000, 0x00000000a4100000| Untracked 
|  16|0x00000000a4200000, 0x00000000a42ffde0, 0x00000000a4300000| 99%| O|  |TAMS 0x00000000a4200000, 0x00000000a4200000| Untracked 
|  17|0x00000000a4300000, 0x00000000a43fffc8, 0x00000000a4400000| 99%| O|  |TAMS 0x00000000a4300000, 0x00000000a4300000| Untracked 
|  18|0x00000000a4400000, 0x00000000a44ffff0, 0x00000000a4500000| 99%| O|  |TAMS 0x00000000a4400000, 0x00000000a4400000| Untracked 
|  19|0x00000000a4500000, 0x00000000a45fffd8, 0x00000000a4600000| 99%| O|  |TAMS 0x00000000a4500000, 0x00000000a4500000| Untracked 
|  20|0x00000000a4600000, 0x00000000a46ffff8, 0x00000000a4700000| 99%| O|  |TAMS 0x00000000a4600000, 0x00000000a4600000| Untracked 
|  21|0x00000000a4700000, 0x00000000a47ffff8, 0x00000000a4800000| 99%| O|  |TAMS 0x00000000a4700000, 0x00000000a4700000| Untracked 
|  22|0x00000000a4800000, 0x00000000a489e5b0, 0x00000000a4900000| 61%| O|  |TAMS 0x00000000a4800000, 0x00000000a4800000| Untracked 
|  23|0x00000000a4900000, 0x00000000a4900000, 0x00000000a4a00000|  0%| F|  |TAMS 0x00000000a4900000, 0x00000000a4900000| Untracked 
|  24|0x00000000a4a00000, 0x00000000a4a4d538, 0x00000000a4b00000| 30%| O|  |TAMS 0x00000000a4a00000, 0x00000000a4a00000| Untracked 
|  25|0x00000000a4b00000, 0x00000000a4b00000, 0x00000000a4c00000|  0%| F|  |TAMS 0x00000000a4b00000, 0x00000000a4b00000| Untracked 
|  26|0x00000000a4c00000, 0x00000000a4c00000, 0x00000000a4d00000|  0%| F|  |TAMS 0x00000000a4c00000, 0x00000000a4c00000| Untracked 
|  27|0x00000000a4d00000, 0x00000000a4d00000, 0x00000000a4e00000|  0%| F|  |TAMS 0x00000000a4d00000, 0x00000000a4d00000| Untracked 
|  28|0x00000000a4e00000, 0x00000000a4e00000, 0x00000000a4f00000|  0%| F|  |TAMS 0x00000000a4e00000, 0x00000000a4e00000| Untracked 
|  29|0x00000000a4f00000, 0x00000000a4f00000, 0x00000000a5000000|  0%| F|  |TAMS 0x00000000a4f00000, 0x00000000a4f00000| Untracked 
|  30|0x00000000a5000000, 0x00000000a5000000, 0x00000000a5100000|  0%| F|  |TAMS 0x00000000a5000000, 0x00000000a5000000| Untracked 
|  31|0x00000000a5100000, 0x00000000a5100000, 0x00000000a5200000|  0%| F|  |TAMS 0x00000000a5100000, 0x00000000a5100000| Untracked 
|  32|0x00000000a5200000, 0x00000000a5200000, 0x00000000a5300000|  0%| F|  |TAMS 0x00000000a5200000, 0x00000000a5200000| Untracked 
|  33|0x00000000a5300000, 0x00000000a5300000, 0x00000000a5400000|  0%| F|  |TAMS 0x00000000a5300000, 0x00000000a5300000| Untracked 
|  34|0x00000000a5400000, 0x00000000a5400000, 0x00000000a5500000|  0%| F|  |TAMS 0x00000000a5400000, 0x00000000a5400000| Untracked 
|  35|0x00000000a5500000, 0x00000000a5500000, 0x00000000a5600000|  0%| F|  |TAMS 0x00000000a5500000, 0x00000000a5500000| Untracked 
|  36|0x00000000a5600000, 0x00000000a5600000, 0x00000000a5700000|  0%| F|  |TAMS 0x00000000a5600000, 0x00000000a5600000| Untracked 
|  37|0x00000000a5700000, 0x00000000a5700000, 0x00000000a5800000|  0%| F|  |TAMS 0x00000000a5700000, 0x00000000a5700000| Untracked 
|  38|0x00000000a5800000, 0x00000000a5800000, 0x00000000a5900000|  0%| F|  |TAMS 0x00000000a5800000, 0x00000000a5800000| Untracked 
|  39|0x00000000a5900000, 0x00000000a5900000, 0x00000000a5a00000|  0%| F|  |TAMS 0x00000000a5900000, 0x00000000a5900000| Untracked 
|  40|0x00000000a5a00000, 0x00000000a5a00000, 0x00000000a5b00000|  0%| F|  |TAMS 0x00000000a5a00000, 0x00000000a5a00000| Untracked 
|  41|0x00000000a5b00000, 0x00000000a5b00000, 0x00000000a5c00000|  0%| F|  |TAMS 0x00000000a5b00000, 0x00000000a5b00000| Untracked 
|  42|0x00000000a5c00000, 0x00000000a5c00000, 0x00000000a5d00000|  0%| F|  |TAMS 0x00000000a5c00000, 0x00000000a5c00000| Untracked 
|  43|0x00000000a5d00000, 0x00000000a5d00000, 0x00000000a5e00000|  0%| F|  |TAMS 0x00000000a5d00000, 0x00000000a5d00000| Untracked 
|  44|0x00000000a5e00000, 0x00000000a5e00000, 0x00000000a5f00000|  0%| F|  |TAMS 0x00000000a5e00000, 0x00000000a5e00000| Untracked 
|  45|0x00000000a5f00000, 0x00000000a5f00000, 0x00000000a6000000|  0%| F|  |TAMS 0x00000000a5f00000, 0x00000000a5f00000| Untracked 
|  46|0x00000000a6000000, 0x00000000a6000000, 0x00000000a6100000|  0%| F|  |TAMS 0x00000000a6000000, 0x00000000a6000000| Untracked 
|  47|0x00000000a6100000, 0x00000000a6100000, 0x00000000a6200000|  0%| F|  |TAMS 0x00000000a6100000, 0x00000000a6100000| Untracked 
|  48|0x00000000a6200000, 0x00000000a6200000, 0x00000000a6300000|  0%| F|  |TAMS 0x00000000a6200000, 0x00000000a6200000| Untracked 
|  49|0x00000000a6300000, 0x00000000a6300000, 0x00000000a6400000|  0%| F|  |TAMS 0x00000000a6300000, 0x00000000a6300000| Untracked 
|  50|0x00000000a6400000, 0x00000000a6400000, 0x00000000a6500000|  0%| F|  |TAMS 0x00000000a6400000, 0x00000000a6400000| Untracked 
|  51|0x00000000a6500000, 0x00000000a6500000, 0x00000000a6600000|  0%| F|  |TAMS 0x00000000a6500000, 0x00000000a6500000| Untracked 
|  52|0x00000000a6600000, 0x00000000a6600000, 0x00000000a6700000|  0%| F|  |TAMS 0x00000000a6600000, 0x00000000a6600000| Untracked 
|  53|0x00000000a6700000, 0x00000000a6700000, 0x00000000a6800000|  0%| F|  |TAMS 0x00000000a6700000, 0x00000000a6700000| Untracked 
|  54|0x00000000a6800000, 0x00000000a688c8e0, 0x00000000a6900000| 54%| E|  |TAMS 0x00000000a6800000, 0x00000000a6800000| Complete 
|  55|0x00000000a6900000, 0x00000000a6a00000, 0x00000000a6a00000|100%| E|CS|TAMS 0x00000000a6900000, 0x00000000a6900000| Complete 
|  56|0x00000000a6a00000, 0x00000000a6b00000, 0x00000000a6b00000|100%| E|CS|TAMS 0x00000000a6a00000, 0x00000000a6a00000| Complete 
|  57|0x00000000a6b00000, 0x00000000a6c00000, 0x00000000a6c00000|100%| E|CS|TAMS 0x00000000a6b00000, 0x00000000a6b00000| Complete 
|  58|0x00000000a6c00000, 0x00000000a6d00000, 0x00000000a6d00000|100%| E|CS|TAMS 0x00000000a6c00000, 0x00000000a6c00000| Complete 
|  59|0x00000000a6d00000, 0x00000000a6e00000, 0x00000000a6e00000|100%| E|CS|TAMS 0x00000000a6d00000, 0x00000000a6d00000| Complete 
|  60|0x00000000a6e00000, 0x00000000a6f00000, 0x00000000a6f00000|100%| E|CS|TAMS 0x00000000a6e00000, 0x00000000a6e00000| Complete 
|  61|0x00000000a6f00000, 0x00000000a7000000, 0x00000000a7000000|100%| E|CS|TAMS 0x00000000a6f00000, 0x00000000a6f00000| Complete 
|  62|0x00000000a7000000, 0x00000000a7100000, 0x00000000a7100000|100%| E|CS|TAMS 0x00000000a7000000, 0x00000000a7000000| Complete 
|  63|0x00000000a7100000, 0x00000000a7200000, 0x00000000a7200000|100%| E|CS|TAMS 0x00000000a7100000, 0x00000000a7100000| Complete 
|  64|0x00000000a7200000, 0x00000000a7300000, 0x00000000a7300000|100%| E|CS|TAMS 0x00000000a7200000, 0x00000000a7200000| Complete 
|  65|0x00000000a7300000, 0x00000000a7400000, 0x00000000a7400000|100%| E|CS|TAMS 0x00000000a7300000, 0x00000000a7300000| Complete 
|  66|0x00000000a7400000, 0x00000000a7500000, 0x00000000a7500000|100%| E|CS|TAMS 0x00000000a7400000, 0x00000000a7400000| Complete 
|  67|0x00000000a7500000, 0x00000000a7600000, 0x00000000a7600000|100%| E|CS|TAMS 0x00000000a7500000, 0x00000000a7500000| Complete 
|  68|0x00000000a7600000, 0x00000000a7700000, 0x00000000a7700000|100%| E|CS|TAMS 0x00000000a7600000, 0x00000000a7600000| Complete 
|  69|0x00000000a7700000, 0x00000000a7800000, 0x00000000a7800000|100%| E|CS|TAMS 0x00000000a7700000, 0x00000000a7700000| Complete 
|  70|0x00000000a7800000, 0x00000000a7900000, 0x00000000a7900000|100%| E|CS|TAMS 0x00000000a7800000, 0x00000000a7800000| Complete 
|  71|0x00000000a7900000, 0x00000000a7a00000, 0x00000000a7a00000|100%| E|CS|TAMS 0x00000000a7900000, 0x00000000a7900000| Complete 
|  72|0x00000000a7a00000, 0x00000000a7b00000, 0x00000000a7b00000|100%| E|CS|TAMS 0x00000000a7a00000, 0x00000000a7a00000| Complete 
|  73|0x00000000a7b00000, 0x00000000a7c00000, 0x00000000a7c00000|100%| E|CS|TAMS 0x00000000a7b00000, 0x00000000a7b00000| Complete 
|  74|0x00000000a7c00000, 0x00000000a7d00000, 0x00000000a7d00000|100%| E|CS|TAMS 0x00000000a7c00000, 0x00000000a7c00000| Complete 
|  75|0x00000000a7d00000, 0x00000000a7e00000, 0x00000000a7e00000|100%| E|CS|TAMS 0x00000000a7d00000, 0x00000000a7d00000| Complete 
|  76|0x00000000a7e00000, 0x00000000a7f00000, 0x00000000a7f00000|100%| E|CS|TAMS 0x00000000a7e00000, 0x00000000a7e00000| Complete 
|  77|0x00000000a7f00000, 0x00000000a8000000, 0x00000000a8000000|100%| E|CS|TAMS 0x00000000a7f00000, 0x00000000a7f00000| Complete 
|  78|0x00000000a8000000, 0x00000000a8100000, 0x00000000a8100000|100%| E|CS|TAMS 0x00000000a8000000, 0x00000000a8000000| Complete 
|  79|0x00000000a8100000, 0x00000000a8200000, 0x00000000a8200000|100%| E|CS|TAMS 0x00000000a8100000, 0x00000000a8100000| Complete 

Card table byte_map: [0x00000000196f0000,0x00000000199e0000] _byte_map_base: 0x00000000191d7000

Marking Bits (Prev, Next): (CMBitMap*) 0x00000000002f1890, (CMBitMap*) 0x00000000002f1850
 Prev Bits: [0x000000001b410000, 0x000000001cb48000)
 Next Bits: [0x0000000019cd0000, 0x000000001b408000)

Polling page: 0x0000000000440000

Metaspace:

Usage:
  Non-class:     42.77 MB used.
      Class:      6.94 MB used.
       Both:     49.71 MB used.

Virtual space:
  Non-class space:       48.00 MB reserved,      43.00 MB ( 90%) committed,  6 nodes.
      Class space:        1.00 GB reserved,       7.19 MB ( <1%) committed,  1 nodes.
              Both:        1.05 GB reserved,      50.19 MB (  5%) committed. 

Chunk freelists:
   Non-Class:  448.00 KB
       Class:  704.00 KB
        Both:  1.13 MB

MaxMetaspaceSize: 17179869184.00 GB
CompressedClassSpaceSize: 1.00 GB
 - commit_granule_bytes: 65536.
 - commit_granule_words: 8192.
 - virtual_space_node_default_size: 1048576.
 - enlarge_chunks_in_place: 1.
 - new_chunks_are_fully_committed: 0.
 - uncommit_free_chunks: 1.
 - use_allocation_guard: 0.
 - handle_deallocations: 1.


Internal statistics:

num_allocs_failed_limit: 6.
num_arena_births: 678.
num_arena_deaths: 28.
num_vsnodes_births: 7.
num_vsnodes_deaths: 0.
num_space_committed: 803.
num_space_uncommitted: 0.
num_chunks_returned_to_freelist: 48.
num_chunks_taken_from_freelist: 2677.
num_chunk_merges: 9.
num_chunk_splits: 1781.
num_chunks_enlarged: 1293.
num_purges: 10.

CodeHeap 'non-profiled nmethods': size=238912Kb used=12069Kb max_used=12069Kb free=226842Kb
 bounds [0x000000000a5a0000, 0x000000000b170000, 0x0000000018ef0000]
CodeHeap 'non-nmethods': size=6848Kb used=1282Kb max_used=1282Kb free=5565Kb
 bounds [0x0000000009ef0000, 0x000000000a160000, 0x000000000a5a0000]
 total_blobs=7903 nmethods=7304 adapters=526
 compilation: enabled
              stopped_count=0, restarted_count=0
 full_count=0

Compilation events (20 events):
Event: 1220.248 Thread 0x000000001f7b0fc0 7295   !   1       java.util.stream.Streams$2::run (47 bytes)
Event: 1220.249 Thread 0x000000001f7b0fc0 nmethod 7295 0x000000000b164d90 code [0x000000000b164f60, 0x000000000b1651f8]
Event: 1220.252 Thread 0x000000001f7b0fc0 7296       1       java.util.Formatter$Flags::<init> (10 bytes)
Event: 1220.252 Thread 0x000000001f7b0fc0 nmethod 7296 0x000000000b165490 code [0x000000000b165620, 0x000000000b1656f8]
Event: 1220.252 Thread 0x000000001f7b0fc0 7297       1       java.io.FileInputStream$1::close (11 bytes)
Event: 1220.253 Thread 0x000000001f7b0fc0 nmethod 7297 0x000000000b165790 code [0x000000000b165960, 0x000000000b165c78]
Event: 1220.253 Thread 0x000000001f7b0fc0 7298       1       java.util.Formatter$FormatSpecifier::<init> (259 bytes)
Event: 1220.255 Thread 0x000000001f7b0fc0 nmethod 7298 0x000000000b165e10 code [0x000000000b166160, 0x000000000b166b88]
Event: 1220.255 Thread 0x000000001f7b0fc0 7299   !   1       java.util.Formatter$FormatSpecifier::index (62 bytes)
Event: 1220.255 Thread 0x000000001f7b0fc0 nmethod 7299 0x000000000b167210 code [0x000000000b1673e0, 0x000000000b1675e8]
Event: 1220.255 Thread 0x000000001f7b0fc0 7300       1       java.util.Formatter$FormatSpecifier::flags (33 bytes)
Event: 1220.256 Thread 0x000000001f7b0fc0 nmethod 7300 0x000000000b167790 code [0x000000000b167940, 0x000000000b167ac8]
Event: 1220.256 Thread 0x000000001f7b0fc0 7301       1       java.util.Formatter$Flags::parse (70 bytes)
Event: 1220.256 Thread 0x000000001f7b0fc0 nmethod 7301 0x000000000b167c10 code [0x000000000b167e00, 0x000000000b1681a8]
Event: 1220.256 Thread 0x000000001f7b0fc0 7302   !   1       java.util.Formatter$FormatSpecifier::width (60 bytes)
Event: 1220.257 Thread 0x000000001f7b0fc0 nmethod 7302 0x000000000b168510 code [0x000000000b1686e0, 0x000000000b1688e8]
Event: 1220.257 Thread 0x000000001f7b0fc0 7303   !   1       java.util.Formatter$FormatSpecifier::precision (62 bytes)
Event: 1220.257 Thread 0x000000001f7b0fc0 nmethod 7303 0x000000000b168a90 code [0x000000000b168c60, 0x000000000b168e68]
Event: 1220.322 Thread 0x000000001f7b0fc0 7304       1       org.springframework.cglib.core.TypeUtils::emulateClassGetName (24 bytes)
Event: 1220.323 Thread 0x000000001f7b0fc0 nmethod 7304 0x000000000b169010 code [0x000000000b1691e0, 0x000000000b169348]

GC Heap History (20 events):
Event: 1001.611 GC heap before
{Heap before GC invocations=23 (full 2):
 garbage-first heap   total 75776K, used 57310K [0x00000000a3200000, 0x0000000100000000)
  region size 1024K, 35 young (35840K), 3 survivors (3072K)
 Metaspace       used 49997K, committed 50432K, reserved 1097728K
  class space    used 7008K, committed 7232K, reserved 1048576K
}
Event: 1001.616 GC heap after
{Heap after GC invocations=24 (full 2):
 garbage-first heap   total 75776K, used 25454K [0x00000000a3200000, 0x0000000100000000)
  region size 1024K, 1 young (1024K), 1 survivors (1024K)
 Metaspace       used 49997K, committed 50432K, reserved 1097728K
  class space    used 7008K, committed 7232K, reserved 1048576K
}
Event: 1002.097 GC heap before
{Heap before GC invocations=24 (full 2):
 garbage-first heap   total 75776K, used 58222K [0x00000000a3200000, 0x0000000100000000)
  region size 1024K, 34 young (34816K), 1 survivors (1024K)
 Metaspace       used 50232K, committed 50752K, reserved 1097728K
  class space    used 7031K, committed 7296K, reserved 1048576K
}
Event: 1002.106 GC heap after
{Heap after GC invocations=25 (full 2):
 garbage-first heap   total 91136K, used 28244K [0x00000000a3200000, 0x0000000100000000)
  region size 1024K, 3 young (3072K), 3 survivors (3072K)
 Metaspace       used 50232K, committed 50752K, reserved 1097728K
  class space    used 7031K, committed 7296K, reserved 1048576K
}
Event: 1048.551 GC heap before
{Heap before GC invocations=25 (full 2):
 garbage-first heap   total 91136K, used 38484K [0x00000000a3200000, 0x0000000100000000)
  region size 1024K, 14 young (14336K), 3 survivors (3072K)
 Metaspace       used 50235K, committed 50752K, reserved 1097728K
  class space    used 7031K, committed 7296K, reserved 1048576K
}
Event: 1048.638 GC heap after
{Heap after GC invocations=26 (full 3):
 garbage-first heap   total 81920K, used 23007K [0x00000000a3200000, 0x0000000100000000)
  region size 1024K, 0 young (0K), 0 survivors (0K)
 Metaspace       used 50225K, committed 50752K, reserved 1097728K
  class space    used 7030K, committed 7296K, reserved 1048576K
}
Event: 1049.323 GC heap before
{Heap before GC invocations=26 (full 3):
 garbage-first heap   total 81920K, used 62943K [0x00000000a3200000, 0x0000000100000000)
  region size 1024K, 40 young (40960K), 0 survivors (0K)
 Metaspace       used 50309K, committed 50816K, reserved 1097728K
  class space    used 7046K, committed 7296K, reserved 1048576K
}
Event: 1049.334 GC heap after
{Heap after GC invocations=27 (full 3):
 garbage-first heap   total 81920K, used 25810K [0x00000000a3200000, 0x0000000100000000)
  region size 1024K, 3 young (3072K), 3 survivors (3072K)
 Metaspace       used 50309K, committed 50816K, reserved 1097728K
  class space    used 7046K, committed 7296K, reserved 1048576K
}
Event: 1049.438 GC heap before
{Heap before GC invocations=27 (full 3):
 garbage-first heap   total 81920K, used 62674K [0x00000000a3200000, 0x0000000100000000)
  region size 1024K, 40 young (40960K), 3 survivors (3072K)
 Metaspace       used 50311K, committed 50816K, reserved 1097728K
  class space    used 7047K, committed 7296K, reserved 1048576K
}
Event: 1049.444 GC heap after
{Heap after GC invocations=28 (full 3):
 garbage-first heap   total 81920K, used 25844K [0x00000000a3200000, 0x0000000100000000)
  region size 1024K, 1 young (1024K), 1 survivors (1024K)
 Metaspace       used 50311K, committed 50816K, reserved 1097728K
  class space    used 7047K, committed 7296K, reserved 1048576K
}
Event: 1092.249 GC heap before
{Heap before GC invocations=28 (full 3):
 garbage-first heap   total 81920K, used 58612K [0x00000000a3200000, 0x0000000100000000)
  region size 1024K, 34 young (34816K), 1 survivors (1024K)
 Metaspace       used 50585K, committed 51136K, reserved 1097728K
  class space    used 7075K, committed 7360K, reserved 1048576K
}
Event: 1092.337 GC heap after
{Heap after GC invocations=29 (full 4):
 garbage-first heap   total 81920K, used 23261K [0x00000000a3200000, 0x0000000100000000)
  region size 1024K, 0 young (0K), 0 survivors (0K)
 Metaspace       used 50576K, committed 51136K, reserved 1097728K
  class space    used 7073K, committed 7360K, reserved 1048576K
}
Event: 1093.132 GC heap before
{Heap before GC invocations=29 (full 4):
 garbage-first heap   total 81920K, used 63197K [0x00000000a3200000, 0x0000000100000000)
  region size 1024K, 40 young (40960K), 0 survivors (0K)
 Metaspace       used 50638K, committed 51136K, reserved 1097728K
  class space    used 7084K, committed 7360K, reserved 1048576K
}
Event: 1093.138 GC heap after
{Heap after GC invocations=30 (full 4):
 garbage-first heap   total 81920K, used 25972K [0x00000000a3200000, 0x0000000100000000)
  region size 1024K, 3 young (3072K), 3 survivors (3072K)
 Metaspace       used 50638K, committed 51136K, reserved 1097728K
  class space    used 7084K, committed 7360K, reserved 1048576K
}
Event: 1093.271 GC heap before
{Heap before GC invocations=30 (full 4):
 garbage-first heap   total 81920K, used 62836K [0x00000000a3200000, 0x0000000100000000)
  region size 1024K, 40 young (40960K), 3 survivors (3072K)
 Metaspace       used 50638K, committed 51136K, reserved 1097728K
  class space    used 7084K, committed 7360K, reserved 1048576K
}
Event: 1093.276 GC heap after
{Heap after GC invocations=31 (full 4):
 garbage-first heap   total 81920K, used 26283K [0x00000000a3200000, 0x0000000100000000)
  region size 1024K, 1 young (1024K), 1 survivors (1024K)
 Metaspace       used 50638K, committed 51136K, reserved 1097728K
  class space    used 7084K, committed 7360K, reserved 1048576K
}
Event: 1219.646 GC heap before
{Heap before GC invocations=31 (full 4):
 garbage-first heap   total 81920K, used 65195K [0x00000000a3200000, 0x0000000100000000)
  region size 1024K, 39 young (39936K), 1 survivors (1024K)
 Metaspace       used 50857K, committed 51392K, reserved 1097728K
  class space    used 7099K, committed 7360K, reserved 1048576K
}
Event: 1219.656 GC heap after
{Heap after GC invocations=32 (full 4):
 garbage-first heap   total 81920K, used 28463K [0x00000000a3200000, 0x0000000100000000)
  region size 1024K, 3 young (3072K), 3 survivors (3072K)
 Metaspace       used 50857K, committed 51392K, reserved 1097728K
  class space    used 7099K, committed 7360K, reserved 1048576K
}
Event: 1219.695 GC heap before
{Heap before GC invocations=32 (full 4):
 garbage-first heap   total 81920K, used 28463K [0x00000000a3200000, 0x0000000100000000)
  region size 1024K, 4 young (4096K), 3 survivors (3072K)
 Metaspace       used 50857K, committed 51392K, reserved 1097728K
  class space    used 7099K, committed 7360K, reserved 1048576K
}
Event: 1219.799 GC heap after
{Heap after GC invocations=33 (full 5):
 garbage-first heap   total 81920K, used 23469K [0x00000000a3200000, 0x0000000100000000)
  region size 1024K, 0 young (0K), 0 survivors (0K)
 Metaspace       used 50847K, committed 51392K, reserved 1097728K
  class space    used 7098K, committed 7360K, reserved 1048576K
}

Deoptimization events (12 events):
Event: 6.117 Thread 0x0000000021725440 DEOPT PACKING pc=0x000000000a820b54 sp=0x000000002275c720
Event: 6.117 Thread 0x0000000021725440 DEOPT UNPACKING pc=0x0000000009f3deaf sp=0x000000002275bc78 mode 0
Event: 8.693 Thread 0x0000000021725440 DEOPT PACKING pc=0x000000000a80c301 sp=0x000000002275d790
Event: 8.693 Thread 0x0000000021725440 DEOPT UNPACKING pc=0x0000000009f3deaf sp=0x000000002275cc20 mode 3
Event: 8.693 Thread 0x00000000239f4340 DEOPT PACKING pc=0x000000000a7fec17 sp=0x0000000022aaebd0
Event: 8.693 Thread 0x00000000239f4340 DEOPT UNPACKING pc=0x0000000009f3deaf sp=0x0000000022aae028 mode 3
Event: 15.113 Thread 0x0000000021725440 DEOPT PACKING pc=0x000000000a874b6a sp=0x000000002275b790
Event: 15.113 Thread 0x0000000021725440 DEOPT UNPACKING pc=0x0000000009f3deaf sp=0x000000002275ac98 mode 3
Event: 15.113 Thread 0x0000000021725440 DEOPT PACKING pc=0x000000000a8430cd sp=0x000000002275b750
Event: 15.113 Thread 0x0000000021725440 DEOPT UNPACKING pc=0x0000000009f3deaf sp=0x000000002275ac98 mode 3
Event: 651.232 Thread 0x0000000026626910 DEOPT PACKING pc=0x000000000ad51e2f sp=0x000000002590f280
Event: 651.232 Thread 0x0000000026626910 DEOPT UNPACKING pc=0x0000000009f3deaf sp=0x000000002590e7d0 mode 3

Classes unloaded (14 events):
Event: 996.957 Thread 0x000000001f78fda0 Unloading class 0x000000080120d800 'jdk/internal/reflect/GeneratedSerializationConstructorAccessor2'
Event: 996.957 Thread 0x000000001f78fda0 Unloading class 0x000000080120c000 'jdk/internal/reflect/GeneratedSerializationConstructorAccessor1'
Event: 1000.867 Thread 0x000000001f78fda0 Unloading class 0x0000000801329c00 'jdk/internal/reflect/GeneratedSerializationConstructorAccessor16'
Event: 1000.867 Thread 0x000000001f78fda0 Unloading class 0x0000000801322c00 'jdk/internal/reflect/GeneratedSerializationConstructorAccessor15'
Event: 1000.867 Thread 0x000000001f78fda0 Unloading class 0x0000000801317800 'org/apache/catalina/loader/JdbcLeakPrevention'
Event: 1048.582 Thread 0x000000001f78fda0 Unloading class 0x0000000801334800 'jdk/internal/reflect/GeneratedSerializationConstructorAccessor18'
Event: 1048.582 Thread 0x000000001f78fda0 Unloading class 0x0000000801334000 'jdk/internal/reflect/GeneratedSerializationConstructorAccessor17'
Event: 1048.582 Thread 0x000000001f78fda0 Unloading class 0x000000080132c800 'org/apache/catalina/loader/JdbcLeakPrevention'
Event: 1092.278 Thread 0x000000001f78fda0 Unloading class 0x0000000801341400 'jdk/internal/reflect/GeneratedSerializationConstructorAccessor20'
Event: 1092.278 Thread 0x000000001f78fda0 Unloading class 0x000000080133ac00 'jdk/internal/reflect/GeneratedSerializationConstructorAccessor19'
Event: 1092.278 Thread 0x000000001f78fda0 Unloading class 0x0000000801335800 'org/apache/catalina/loader/JdbcLeakPrevention'
Event: 1219.722 Thread 0x000000001f78fda0 Unloading class 0x000000080134c400 'jdk/internal/reflect/GeneratedSerializationConstructorAccessor22'
Event: 1219.722 Thread 0x000000001f78fda0 Unloading class 0x000000080134c000 'jdk/internal/reflect/GeneratedSerializationConstructorAccessor21'
Event: 1219.722 Thread 0x000000001f78fda0 Unloading class 0x0000000801345800 'org/apache/catalina/loader/JdbcLeakPrevention'

Classes redefined (0 events):
No events

Internal exceptions (20 events):
Event: 1049.366 Thread 0x0000000023eb08b0 Exception <a 'java/io/FileNotFoundException'{0x00000000a63d8dd0}> (0x00000000a63d8dd0) 
thrown [t:\workspace\open\src\hotspot\share\prims\jni.cpp, line 579]
Event: 1049.605 Thread 0x0000000023eb08b0 Exception <a 'java/lang/ClassNotFoundException'{0x00000000a790bda0}: java/lang/ObjectCustomizer> (0x00000000a790bda0) 
thrown [t:\workspace\open\src\hotspot\share\classfile\systemDictionary.cpp, line 256]
Event: 1049.606 Thread 0x0000000023eb08b0 Exception <a 'java/lang/ClassNotFoundException'{0x00000000a7915e00}: com/hotel/hotel/domain/entity/EmpleadoCustomizer> (0x00000000a7915e00) 
thrown [t:\workspace\open\src\hotspot\share\classfile\systemDictionary.cpp, line 256]
Event: 1049.638 Thread 0x0000000023eb08b0 Exception <a 'java/lang/ClassNotFoundException'{0x00000000a77347e0}: java/lang/ObjectCustomizer> (0x00000000a77347e0) 
thrown [t:\workspace\open\src\hotspot\share\classfile\systemDictionary.cpp, line 256]
Event: 1049.639 Thread 0x0000000023eb08b0 Exception <a 'java/lang/ClassNotFoundException'{0x00000000a773dca0}: com/hotel/hotel/domain/entity/HabitacionCustomizer> (0x00000000a773dca0) 
thrown [t:\workspace\open\src\hotspot\share\classfile\systemDictionary.cpp, line 256]
Event: 1092.232 Thread 0x0000000023eb2890 Exception <a 'java/lang/InterruptedException'{0x00000000a62f3dc8}: sleep interrupted> (0x00000000a62f3dc8) 
thrown [t:\workspace\open\src\hotspot\share\prims\jvm.cpp, line 3305]
Event: 1092.460 Thread 0x0000000023eb2890 Exception <a 'java/io/FileNotFoundException'{0x00000000a81ab628}> (0x00000000a81ab628) 
thrown [t:\workspace\open\src\hotspot\share\prims\jni.cpp, line 579]
Event: 1093.030 Thread 0x0000000023eb2890 Exception <a 'java/lang/NoClassDefFoundError'{0x00000000a68a0078}: org/flywaydb/core/Flyway> (0x00000000a68a0078) 
thrown [t:\workspace\open\src\hotspot\share\oops\constantPool.cpp, line 809]
Event: 1093.030 Thread 0x0000000023eb2890 Exception <a 'java/lang/NoClassDefFoundError'{0x00000000a68a8890}: liquibase/integration/spring/SpringLiquibase> (0x00000000a68a8890) 
thrown [t:\workspace\open\src\hotspot\share\oops\constantPool.cpp, line 809]
Event: 1093.041 Thread 0x0000000023eb2890 Exception <a 'java/lang/NoClassDefFoundError'{0x00000000a670b658}: org/jooq/DSLContext> (0x00000000a670b658) 
thrown [t:\workspace\open\src\hotspot\share\oops\constantPool.cpp, line 809]
Event: 1093.042 Thread 0x0000000023eb2890 Exception <a 'java/lang/NoClassDefFoundError'{0x00000000a6716c40}: org/springframework/batch/core/repository/JobRepository> (0x00000000a6716c40) 
thrown [t:\workspace\open\src\hotspot\share\oops\constantPool.cpp, line 809]
Event: 1093.042 Thread 0x0000000023eb2890 Exception <a 'java/lang/NoClassDefFoundError'{0x00000000a6716f78}: org/quartz/Scheduler> (0x00000000a6716f78) 
thrown [t:\workspace\open\src\hotspot\share\oops\constantPool.cpp, line 809]
Event: 1093.042 Thread 0x0000000023eb2890 Exception <a 'java/lang/NoClassDefFoundError'{0x00000000a67172b0}: org/springframework/session/jdbc/JdbcIndexedSessionRepository> (0x00000000a67172b0) 
thrown [t:\workspace\open\src\hotspot\share\oops\constantPool.cpp, line 809]
Event: 1093.180 Thread 0x0000000023eb2890 Exception <a 'java/io/FileNotFoundException'{0x00000000a63cba18}> (0x00000000a63cba18) 
thrown [t:\workspace\open\src\hotspot\share\prims\jni.cpp, line 579]
Event: 1093.465 Thread 0x0000000023eb2890 Exception <a 'java/lang/ClassNotFoundException'{0x00000000a7950330}: java/lang/ObjectCustomizer> (0x00000000a7950330) 
thrown [t:\workspace\open\src\hotspot\share\classfile\systemDictionary.cpp, line 256]
Event: 1093.466 Thread 0x0000000023eb2890 Exception <a 'java/lang/ClassNotFoundException'{0x00000000a795a390}: com/hotel/hotel/domain/entity/EmpleadoCustomizer> (0x00000000a795a390) 
thrown [t:\workspace\open\src\hotspot\share\classfile\systemDictionary.cpp, line 256]
Event: 1093.496 Thread 0x0000000023eb2890 Exception <a 'java/lang/ClassNotFoundException'{0x00000000a77502b0}: java/lang/ObjectCustomizer> (0x00000000a77502b0) 
thrown [t:\workspace\open\src\hotspot\share\classfile\systemDictionary.cpp, line 256]
Event: 1093.497 Thread 0x0000000023eb2890 Exception <a 'java/lang/ClassNotFoundException'{0x00000000a7759770}: com/hotel/hotel/domain/entity/HabitacionCustomizer> (0x00000000a7759770) 
thrown [t:\workspace\open\src\hotspot\share\classfile\systemDictionary.cpp, line 256]
Event: 1219.645 Thread 0x0000000023eb0e00 Exception <a 'java/lang/InterruptedException'{0x00000000a5bc3368}: sleep interrupted> (0x00000000a5bc3368) 
thrown [t:\workspace\open\src\hotspot\share\prims\jvm.cpp, line 3305]
Event: 1219.821 Thread 0x0000000023eb18a0 Exception <a 'java/io/FileNotFoundException'{0x00000000a81ab7f8}> (0x00000000a81ab7f8) 
thrown [t:\workspace\open\src\hotspot\share\prims\jni.cpp, line 579]

Events (20 events):
Event: 1219.644 Thread 0x0000000026626e60 Thread exited: 0x0000000026626e60
Event: 1219.645 Thread 0x0000000023eb0e00 Thread exited: 0x0000000023eb0e00
Event: 1219.646 Executing  VM operation: G1CollectForAllocation
Event: 1219.657 Thread 0x0000000023eb3330 Thread exited: 0x0000000023eb3330
Event: 1219.685 Executing  VM operation: G1CollectForAllocation done
Event: 1219.685 Thread 0x0000000023eb18a0 Thread exited: 0x0000000023eb18a0
Event: 1219.687 Thread 0x0000000023eb18a0 Thread added: 0x0000000023eb18a0
Event: 1219.688 Thread 0x0000000023eb2de0 Thread exited: 0x0000000023eb2de0
Event: 1219.693 Thread 0x0000000023eb18a0 Thread exited: 0x0000000023eb18a0
Event: 1219.695 Executing  VM operation: G1CollectFull
Event: 1219.799 Executing  VM operation: G1CollectFull done
Event: 1219.799 Thread 0x0000000023eb18a0 Thread added: 0x0000000023eb18a0
Event: 1219.799 Thread 0x0000000023eb18a0 Thread exited: 0x0000000023eb18a0
Event: 1219.800 Thread 0x0000000023eb18a0 Thread added: 0x0000000023eb18a0
Event: 1219.840 Executing  VM operation: ICBufferFull
Event: 1219.840 Executing  VM operation: ICBufferFull done
Event: 1219.899 Executing  VM operation: ICBufferFull
Event: 1219.899 Executing  VM operation: ICBufferFull done
Event: 1219.927 Thread 0x0000000023eb2de0 Thread added: 0x0000000023eb2de0
Event: 1219.952 Thread 0x0000000023eb2de0 Thread exited: 0x0000000023eb2de0


Dynamic libraries:
0x000000013f840000 - 0x000000013f850000 	C:\Program Files\Java\jdk-16.0.1\bin\java.exe
0x0000000076e40000 - 0x0000000076fea000 	C:\Windows\SYSTEM32\ntdll.dll
0x000007fed8250000 - 0x000007fed8265000 	C:\Program Files\AVG\Antivirus\aswhook.dll
0x0000000076d20000 - 0x0000000076e3f000 	C:\Windows\system32\kernel32.dll
0x000007fefcb60000 - 0x000007fefcbca000 	C:\Windows\system32\KERNELBASE.dll
0x000007fef4b00000 - 0x000007fef4b18000 	C:\Program Files\Java\jdk-16.0.1\bin\jli.dll
0x000007fefcf20000 - 0x000007fefcffb000 	C:\Windows\system32\ADVAPI32.dll
0x000007fefd7e0000 - 0x000007fefd87f000 	C:\Windows\system32\msvcrt.dll
0x000007fefe630000 - 0x000007fefe64f000 	C:\Windows\SYSTEM32\sechost.dll
0x000007fefeb70000 - 0x000007fefec9d000 	C:\Windows\system32\RPCRT4.dll
0x000007fefb6b0000 - 0x000007fefb8a4000 	C:\Windows\WinSxS\amd64_microsoft.windows.common-controls_6595b64144ccf1df_6.0.7601.23403_none_e36ad4593102f066\COMCTL32.dll
0x000007fefeca0000 - 0x000007fefed07000 	C:\Windows\system32\GDI32.dll
0x0000000076c20000 - 0x0000000076d1a000 	C:\Windows\system32\USER32.dll
0x000007fefea30000 - 0x000007fefea3e000 	C:\Windows\system32\LPK.dll
0x000007fefed20000 - 0x000007fefedea000 	C:\Windows\system32\USP10.dll
0x000007fefefd0000 - 0x000007feff041000 	C:\Windows\system32\SHLWAPI.dll
0x000007fefbc10000 - 0x000007fefbc1c000 	C:\Windows\system32\VERSION.dll
0x000007fef2920000 - 0x000007fef2939000 	C:\Program Files\Java\jdk-16.0.1\bin\VCRUNTIME140.dll
0x000007fef28a0000 - 0x000007fef28a4000 	C:\Program Files\Java\jdk-16.0.1\bin\api-ms-win-crt-runtime-l1-1-0.dll
0x000007fed7040000 - 0x000007fed713a000 	C:\Program Files\Java\jdk-16.0.1\bin\ucrtbase.DLL
0x000007fef4b80000 - 0x000007fef4b83000 	C:\Program Files\Java\jdk-16.0.1\bin\api-ms-win-core-localization-l1-2-0.dll
0x000007fefbab0000 - 0x000007fefbab3000 	C:\Program Files\Java\jdk-16.0.1\bin\api-ms-win-core-processthreads-l1-1-1.dll
0x000007fef2b40000 - 0x000007fef2b43000 	C:\Program Files\Java\jdk-16.0.1\bin\api-ms-win-core-file-l1-2-0.dll
0x000007fef2870000 - 0x000007fef2873000 	C:\Program Files\Java\jdk-16.0.1\bin\api-ms-win-core-timezone-l1-1-0.dll
0x000007fef2b30000 - 0x000007fef2b33000 	C:\Program Files\Java\jdk-16.0.1\bin\api-ms-win-core-file-l2-1-0.dll
0x000007fef2860000 - 0x000007fef2863000 	C:\Program Files\Java\jdk-16.0.1\bin\api-ms-win-core-synch-l1-2-0.dll
0x000007fef2890000 - 0x000007fef2893000 	C:\Program Files\Java\jdk-16.0.1\bin\api-ms-win-crt-heap-l1-1-0.dll
0x000007fef2880000 - 0x000007fef2884000 	C:\Program Files\Java\jdk-16.0.1\bin\api-ms-win-crt-string-l1-1-0.dll
0x000007feeef10000 - 0x000007feeef14000 	C:\Program Files\Java\jdk-16.0.1\bin\api-ms-win-crt-stdio-l1-1-0.dll
0x000007feecbb0000 - 0x000007feecbb4000 	C:\Program Files\Java\jdk-16.0.1\bin\api-ms-win-crt-convert-l1-1-0.dll
0x000007feec7c0000 - 0x000007feec7c3000 	C:\Program Files\Java\jdk-16.0.1\bin\api-ms-win-crt-environment-l1-1-0.dll
0x000007feec770000 - 0x000007feec773000 	C:\Program Files\Java\jdk-16.0.1\bin\api-ms-win-crt-filesystem-l1-1-0.dll
0x000007feecb90000 - 0x000007feecb95000 	C:\Program Files\Java\jdk-16.0.1\bin\api-ms-win-crt-math-l1-1-0.dll
0x000007fee9100000 - 0x000007fee9103000 	C:\Program Files\Java\jdk-16.0.1\bin\api-ms-win-crt-locale-l1-1-0.dll
0x000007fefcef0000 - 0x000007fefcf1e000 	C:\Windows\system32\IMM32.DLL
0x000007fefe920000 - 0x000007fefea29000 	C:\Windows\system32\MSCTF.dll
0x000007feecba0000 - 0x000007feecbac000 	C:\Program Files\Java\jdk-16.0.1\bin\vcruntime140_1.dll
0x000007fed3fa0000 - 0x000007fed4031000 	C:\Program Files\Java\jdk-16.0.1\bin\msvcp140.dll
0x000007feec760000 - 0x000007feec763000 	C:\Program Files\Java\jdk-16.0.1\bin\api-ms-win-crt-time-l1-1-0.dll
0x000007feecaa0000 - 0x000007feecaa3000 	C:\Program Files\Java\jdk-16.0.1\bin\api-ms-win-crt-utility-l1-1-0.dll
0x000007fed2cc0000 - 0x000007fed386b000 	C:\Program Files\Java\jdk-16.0.1\bin\server\jvm.dll
0x000007fef9ad0000 - 0x000007fef9ad9000 	C:\Windows\system32\WSOCK32.dll
0x000007fefeb20000 - 0x000007fefeb6d000 	C:\Windows\system32\WS2_32.dll
0x000007fefed10000 - 0x000007fefed18000 	C:\Windows\system32\NSI.dll
0x000007fef9b90000 - 0x000007fef9bcb000 	C:\Windows\system32\WINMM.dll
0x0000000077000000 - 0x0000000077007000 	C:\Windows\system32\PSAPI.DLL
0x000007feec680000 - 0x000007feec68a000 	C:\Program Files\Java\jdk-16.0.1\bin\jimage.dll
0x000007fef95f0000 - 0x000007fef9715000 	C:\Windows\system32\DBGHELP.DLL
0x000007fed8580000 - 0x000007fed85a5000 	C:\Program Files\Java\jdk-16.0.1\bin\java.dll
0x000007fefd880000 - 0x000007fefe60a000 	C:\Windows\system32\SHELL32.dll
0x000007fefd2b0000 - 0x000007fefd4ac000 	C:\Windows\system32\ole32.dll
0x000007fefcb40000 - 0x000007fefcb4f000 	C:\Windows\system32\profapi.dll
0x000007fed9720000 - 0x000007fed9739000 	C:\Program Files\Java\jdk-16.0.1\bin\net.dll
0x000007fef8c70000 - 0x000007fef8ce1000 	C:\Windows\system32\WINHTTP.dll
0x000007fef8c00000 - 0x000007fef8c65000 	C:\Windows\system32\webio.dll
0x000007fefc2a0000 - 0x000007fefc2f5000 	C:\Windows\system32\mswsock.dll
0x000007fefc520000 - 0x000007fefc527000 	C:\Windows\System32\wship6.dll
0x000007fee8340000 - 0x000007fee8353000 	C:\Program Files\Java\jdk-16.0.1\bin\nio.dll
0x000007fed8560000 - 0x000007fed8578000 	C:\Program Files\Java\jdk-16.0.1\bin\zip.dll
0x000007fef4eb0000 - 0x000007fef4eb9000 	C:\Program Files\Java\jdk-16.0.1\bin\management.dll
0x000007fef4ea0000 - 0x000007fef4eab000 	C:\Program Files\Java\jdk-16.0.1\bin\management_ext.dll
0x000007fefa960000 - 0x000007fefa975000 	C:\Windows\system32\NLAapi.dll
0x000007feef730000 - 0x000007feef745000 	C:\Windows\system32\napinsp.dll
0x000007feef710000 - 0x000007feef729000 	C:\Windows\system32\pnrpnsp.dll
0x000007fefc130000 - 0x000007fefc18b000 	C:\Windows\system32\DNSAPI.dll
0x000007feef700000 - 0x000007feef70b000 	C:\Windows\System32\winrnr.dll
0x000007fefbce0000 - 0x000007fefbce7000 	C:\Windows\System32\wshtcpip.dll
0x000007fefa3f0000 - 0x000007fefa417000 	C:\Windows\system32\IPHLPAPI.DLL
0x000007fefa3d0000 - 0x000007fefa3db000 	C:\Windows\system32\WINNSI.DLL
0x000007fef9b70000 - 0x000007fef9b78000 	C:\Windows\system32\rasadhlp.dll
0x000007fefa260000 - 0x000007fefa2b3000 	C:\Windows\System32\fwpuclnt.dll
0x000007fefc300000 - 0x000007fefc318000 	C:\Windows\system32\CRYPTSP.dll
0x000007fefc000000 - 0x000007fefc047000 	C:\Windows\system32\rsaenh.dll
0x000007fefced0000 - 0x000007fefceef000 	C:\Windows\system32\USERENV.dll
0x000007fefc990000 - 0x000007fefc99f000 	C:\Windows\system32\CRYPTBASE.dll
0x000007fefa1f0000 - 0x000007fefa208000 	C:\Windows\system32\dhcpcsvc.DLL
0x000007fefa1d0000 - 0x000007fefa1e1000 	C:\Windows\system32\dhcpcsvc6.DLL
0x000007feece90000 - 0x000007feece9e000 	C:\Program Files\Java\jdk-16.0.1\bin\sunmscapi.dll
0x000007fefccb0000 - 0x000007fefce1d000 	C:\Windows\system32\CRYPT32.dll
0x000007fefcb30000 - 0x000007fefcb3f000 	C:\Windows\system32\MSASN1.dll
0x000007fefc480000 - 0x000007fefc4d0000 	C:\Windows\system32\ncrypt.dll
0x000007fefc450000 - 0x000007fefc472000 	C:\Windows\system32\bcrypt.dll

dbghelp: loaded successfully - version: 4.0.5 - missing functions: none
symbol engine: initialized successfully - sym options: 0x614 - pdb path: .;C:\Program Files\Java\jdk-16.0.1\bin;C:\Windows\SYSTEM32;C:\Program Files\AVG\Antivirus;C:\Windows\WinSxS\amd64_microsoft.windows.common-controls_6595b64144ccf1df_6.0.7601.23403_none_e36ad4593102f066;C:\Program Files\Java\jdk-16.0.1\bin\server

VM Arguments:
jvm_args: -XX:TieredStopAtLevel=1 -Xverify:none -XX:TieredStopAtLevel=1 
java_command: com.hotel.hotel.HotelApplication
java_class_path (initial): E:\Proyectos\Spring\hotel\target\classes;C:\Users\keta\.m2\repository\ch\qos\logback\logback-classic\1.2.4\logback-classic-1.2.4.jar;C:\Users\keta\.m2\repository\ch\qos\logback\logback-core\1.2.4\logback-core-1.2.4.jar;C:\Users\keta\.m2\repository\org\apache\logging\log4j\log4j-to-slf4j\2.14.1\log4j-to-slf4j-2.14.1.jar;C:\Users\keta\.m2\repository\org\apache\logging\log4j\log4j-api\2.14.1\log4j-api-2.14.1.jar;C:\Users\keta\.m2\repository\org\slf4j\jul-to-slf4j\1.7.32\jul-to-slf4j-1.7.32.jar;C:\Users\keta\.m2\repository\jakarta\annotation\jakarta.annotation-api\1.3.5\jakarta.annotation-api-1.3.5.jar;C:\Users\keta\.m2\repository\org\yaml\snakeyaml\1.28\snakeyaml-1.28.jar;C:\Users\keta\.m2\repository\org\thymeleaf\thymeleaf-spring5\3.0.12.RELEASE\thymeleaf-spring5-3.0.12.RELEASE.jar;C:\Users\keta\.m2\repository\org\thymeleaf\thymeleaf\3.0.12.RELEASE\thymeleaf-3.0.12.RELEASE.jar;C:\Users\keta\.m2\repository\org\attoparser\attoparser\2.0.5.RELEASE\attoparser-2.0.5.RELEASE.jar;C:\Users\keta\.m2\repository\org\unbescape\unbescape\1.1.6.RELEASE\unbescape-1.1.6.RELEASE.jar;C:\Users\keta\.m2\repository\org\slf4j\slf4j-api\1.7.32\slf4j-api-1.7.32.jar;C:\Users\keta\.m2\repository\org\thymeleaf\extras\thymeleaf-extras-java8time\3.0.4.RELEASE\thymeleaf-extras-java8time-3.0.4.RELEASE.jar;C:\Users\keta\.m2\repository\com\fasterxml\jackson\core\jackson-databind\2.12.4\jackson-databind-2.12.4.jar;C:\Users\keta\.m2\repository\com\fasterxml\jackson\core\jackson-annotations\2.12.4\jackson-annotations-2.12.4.jar;C:\Users\keta\.m2\repository\com\fasterxml\jackson\core\jackson-core\2.12.4\jackson-core-2.12.4.jar;C:\Users\keta\.m2\repository\com\fasterxml\jackson\datatype\jackson-datatype-jdk8\2.12.4\jackson-datatype-jdk8-2.12.4.jar;C:\Users\keta\.m2\repository\com\fasterxml\jackson\datatype\jackson-datatype-jsr310\2.12.4\jackson-datatype-jsr310-2.12.4.jar;C:\Users\keta\.m2\repository\com\fasterxml\jackson\module\jackson-module-parameter-names\2.12.4\jackson-mod
Launcher Type: SUN_STANDARD

[Global flags]
     intx CICompilerCount                          = 3                                         {product} {ergonomic}
     uint ConcGCThreads                            = 1                                         {product} {ergonomic}
     uint G1ConcRefinementThreads                  = 4                                         {product} {ergonomic}
   size_t G1HeapRegionSize                         = 1048576                                   {product} {ergonomic}
    uintx GCDrainStackTargetSize                   = 64                                        {product} {ergonomic}
   size_t InitialHeapSize                          = 98566144                                  {product} {ergonomic}
   size_t MarkStackSize                            = 4194304                                   {product} {ergonomic}
   size_t MaxHeapSize                              = 1558183936                                {product} {ergonomic}
   size_t MaxNewSize                               = 934281216                                 {product} {ergonomic}
   size_t MinHeapDeltaBytes                        = 1048576                                   {product} {ergonomic}
   size_t MinHeapSize                              = 8388608                                   {product} {ergonomic}
    uintx NonNMethodCodeHeapSize                   = 6973028                                {pd product} {ergonomic}
    uintx NonProfiledCodeHeapSize                  = 244685212                              {pd product} {ergonomic}
    uintx ProfiledCodeHeapSize                     = 0                                      {pd product} {ergonomic}
    uintx ReservedCodeCacheSize                    = 251658240                              {pd product} {ergonomic}
     bool SegmentedCodeCache                       = true                                      {product} {ergonomic}
   size_t SoftMaxHeapSize                          = 1558183936                             {manageable} {ergonomic}
     intx TieredStopAtLevel                        = 1                                         {product} {command line}
     bool UseCompressedClassPointers               = true                           {product lp64_product} {ergonomic}
     bool UseCompressedOops                        = true                           {product lp64_product} {ergonomic}
     bool UseG1GC                                  = true                                      {product} {ergonomic}
     bool UseLargePagesIndividualAllocation        = false                                  {pd product} {ergonomic}

Logging:
Log output configuration:
 #0: stdout all=warning uptime,level,tags
 #1: stderr all=off uptime,level,tags

Environment Variables:
JAVA_HOME=C:\Program Files\Java\jdk-16.0.1
PATH=C:\Program Files\Common Files\Oracle\Java\javapath;E:\Users\keta\AppData\Local\Programs\Python\Python38-32\Scripts\;E:\Users\keta\AppData\Local\Programs\Python\Python38-32\;C:\Program Files (x86)\Common Files\Oracle\Java\javapath;C:\Windows\system32;C:\Windows;C:\Windows\System32\Wbem;C:\Windows\System32\WindowsPowerShell\v1.0\;C:\Program Files\Dell\DW WLAN Card;C:\Program Files\Microsoft VS Code\bin;C:\Program Files\nodejs\;C:\Program Files\dotnet\;C:\Program Files (x86)\dotnet\;C:\Program Files\Microsoft SQL Server\130\Tools\Binn\;C:\Program Files\Microsoft SQL Server\Client SDK\ODBC\170\Tools\Binn\;C:\Program Files (x86)\Yarn\bin\;C:\Program Files (x86)\MySQL\MySQL Utilities 1.6\;C:\Users\keta\AppData\Roaming\npm;C:\Program Files (x86)\CMake\bin;C:\Program Files\PuTTY\;C:\Program Files (x86)\Neovim\bin\;C:\Users\keta\AppData\Local\Programs\Python\Python38\Scripts\;C:\Users\keta\AppData\Local\Programs\Python\Python38\;C:\Program Files\MySQL\MySQL Shell 8.0\bin\;C:\Users\keta\AppData\Local\Yarn\bin;C:\Program Files (x86)\heroku\bin;C:\Users\keta\AppData\Roaming\npm;C:\Program Files\Docker Toolbox\;C:\Program Files\Java\jre1.8.0_191\bin;D:\Java\bin;C:\Gradle\gradle-6.5\bin;C:\maven\apache-maven-3.6.3\bin;C:\Program Files\JetBrains\IntelliJ IDEA Community Edition 2020.2\bin;C:\Program Files\Git\cmd;C:\Users\keta\AppData\Local\Programs\Python\Python38\Scripts\;C:\Users\keta\AppData\Local\Programs\Python\Python38\;C:\Program Files\MySQL\MySQL Shell 8.0\bin\;C:\Users\keta\AppData\Local\Yarn\bin;C:\Program Files (x86)\heroku\bin;C:\Users\keta\AppData\Roaming\npm;C:\Program Files\Java\jre1.8.0_191\bin;D:\Java\bin;C:\groovy\bin;C:\spring\bin;C:\Program Files\MySQL\MySQL Server 8.0\bin;C:\Program Files\Docker Toolbox;C:\Program Files\Docker Toolbox;C:\Program Files\Docker Toolbox;C:\sqlite;
USERNAME=keta
OS=Windows_NT
PROCESSOR_IDENTIFIER=Intel64 Family 6 Model 37 Stepping 5, GenuineIntel



---------------  S Y S T E M  ---------------

OS:
 Windows 7 , 64 bit Build 7601 (6.1.7601.23714)
OS uptime: 1 days 20:15 hours

CPU: total 4 (initial active 4) (2 cores per cpu, 2 threads per core) family 6 model 37 stepping 5 microcode 0x0, cx8, cmov, fxsr, ht, mmx, sse, sse2, sse3, ssse3, sse4.1, sse4.2, popcnt, tsc, tscinvbit, clflush

Memory: 4k page, system-wide physical 5940M (1015M free)
TotalPageFile size 11879M (AvailPageFile size 3099M)
current process WorkingSet (physical memory assigned to process): 207M, peak: 209M
current process commit charge ("private bytes"): 247M, peak: 263M

vm_info: Java HotSpot(TM) 64-Bit Server VM (16.0.1+9-24) for windows-amd64 JRE (16.0.1+9-24), built on Mar 26 2021 19:31:42 by "mach5one" with MS VC++ 16.7 (VS2019)

END.
